{
  message: 'Login attempt: admin@admin.com',
  level: 'info',
  timestamp: '2020-06-14T20:15:43.570Z'
}
{
  message: 'Error: secretOrPrivateKey must have a value',
  level: 'error',
  timestamp: '2020-06-14T20:15:43.995Z'
}
{
  message: 'Error: secretOrPrivateKey must have a value',
  level: 'error',
  timestamp: '2020-06-14T20:15:43.997Z'
}
{
  message: 'Login attempt: admin@admin.com',
  level: 'info',
  timestamp: '2020-06-14T20:17:30.177Z'
}
{
  message: 'Error: secretOrPrivateKey must have a value',
  level: 'error',
  timestamp: '2020-06-14T20:17:30.183Z'
}
{
  message: 'Error: secretOrPrivateKey must have a value',
  level: 'error',
  timestamp: '2020-06-14T20:17:30.183Z'
}
{
  message: 'Login attempt: admin@admin.com',
  level: 'info',
  timestamp: '2020-06-14T20:17:49.935Z'
}
{
  message: 'Login attempt: admin@admin.com',
  level: 'info',
  timestamp: '2020-06-14T20:19:19.789Z'
}
{
  message: 'Login attempt: admin@admin.com',
  level: 'info',
  timestamp: '2020-06-14T20:22:59.443Z'
}
{
  message: 'Login attempt: admin@admin.com',
  level: 'info',
  timestamp: '2020-06-14T20:23:47.344Z'
}
{
  message: 'Login attempt: admin@admin.com',
  level: 'info',
  timestamp: '2020-06-14T20:25:25.337Z'
}
{
  message: 'Login attempt: admin@admin.com',
  level: 'info',
  timestamp: '2020-06-14T20:53:47.739Z'
}
{
  message: 'Login attempt: admin@admin.com',
  level: 'info',
  timestamp: '2020-06-14T21:22:21.351Z'
}
{
  message: 'Login attempt: undefined',
  level: 'info',
  timestamp: '2020-06-14T21:24:39.728Z'
}
{
  message: "Cannot read property 'count' of undefined",
  level: 'error',
  timestamp: '2020-06-14T21:37:12.523Z'
}
{
  message: 'Department name already exists',
  level: 'error',
  timestamp: '2020-06-14T21:37:12.529Z'
}
{
  message: 'Department name already exists',
  level: 'error',
  timestamp: '2020-06-14T21:37:12.530Z'
}
{
  message: "Cannot read property 'count' of undefined",
  level: 'error',
  timestamp: '2020-06-14T21:38:45.765Z'
}
{
  message: 'Department name already exists',
  level: 'error',
  timestamp: '2020-06-14T21:38:45.771Z'
}
{
  message: 'Department name already exists',
  level: 'error',
  timestamp: '2020-06-14T21:38:45.772Z'
}
{
  message: 'Department name already exists',
  level: 'error',
  timestamp: '2020-06-14T21:39:42.824Z'
}
{
  message: 'Department name already exists',
  level: 'error',
  timestamp: '2020-06-14T21:39:42.828Z'
}
{
  message: "Cannot read property 'count' of undefined",
  level: 'error',
  timestamp: '2020-06-14T21:39:42.949Z'
}
{
  message: 'Department name already exists',
  level: 'error',
  timestamp: '2020-06-14T21:41:21.154Z'
}
{
  message: 'Department name already exists',
  level: 'error',
  timestamp: '2020-06-14T21:41:21.158Z'
}
{
  message: 'Department name already exists',
  level: 'error',
  timestamp: '2020-06-14T21:42:26.075Z'
}
{
  message: 'Department name already exists',
  level: 'error',
  timestamp: '2020-06-14T21:42:26.079Z'
}
{
  message: 'insert into "departments" ("department_code", "department_name") values ($1, $2) returning "department_code" - null value in column "created_date" violates not-null constraint',
  level: 'error',
  timestamp: '2020-06-14T21:45:56.870Z'
}
{
  message: 'Internal connection error',
  level: 'error',
  timestamp: '2020-06-14T21:45:56.872Z'
}
{
  message: 'Internal connection error',
  level: 'error',
  timestamp: '2020-06-14T21:45:56.873Z'
}
{
  message: 'Login attempt: undefined',
  level: 'info',
  timestamp: '2020-06-14T21:47:15.783Z'
}
{
  message: 'Login attempt: undefined',
  level: 'info',
  timestamp: '2020-06-14T21:47:27.849Z'
}
{
  message: 'Login attempt: undefined',
  level: 'info',
  timestamp: '2020-06-14T21:47:57.682Z'
}
{
  message: 'Login attempt: undefined',
  level: 'info',
  timestamp: '2020-06-14T21:50:49.951Z'
}
{
  message: 'Login attempt: undefined',
  level: 'info',
  timestamp: '2020-06-14T21:55:20.389Z'
}
{
  message: 'Login attempt: undefined',
  level: 'info',
  timestamp: '2020-06-14T21:55:55.925Z'
}
{
  message: 'Login attempt: undefined',
  level: 'info',
  timestamp: '2020-06-14T21:56:05.983Z'
}
{
  message: 'Login attempt: undefined',
  level: 'info',
  timestamp: '2020-06-14T21:56:15.496Z'
}
{
  message: 'Login attempt: undefined',
  level: 'info',
  timestamp: '2020-06-15T03:13:12.848Z'
}
{
  message: 'Login attempt: undefined',
  level: 'info',
  timestamp: '2020-06-15T03:14:09.828Z'
}
{
  message: 'Login attempt: undefined',
  level: 'info',
  timestamp: '2020-06-15T03:14:54.146Z'
}
{
  message: 'Login attempt: undefined',
  level: 'info',
  timestamp: '2020-06-15T03:15:04.787Z'
}
{
  message: 'Login attempt: undefined',
  level: 'info',
  timestamp: '2020-06-15T03:15:14.256Z'
}
{
  message: 'Login attempt: undefined',
  level: 'info',
  timestamp: '2020-06-15T03:15:44.311Z'
}
{
  message: 'Login attempt: undefined',
  level: 'info',
  timestamp: '2020-06-15T03:16:33.994Z'
}
{
  message: 'Login attempt: undefined',
  level: 'info',
  timestamp: '2020-06-15T03:16:46.366Z'
}
{
  message: undefined,
  level: 'error',
  timestamp: '2020-06-15T03:16:53.139Z'
}
{
  message: 'Internal connection error',
  level: 'error',
  timestamp: '2020-06-15T03:16:53.144Z'
}
{
  message: 'Internal connection error',
  level: 'error',
  timestamp: '2020-06-15T03:16:53.144Z'
}
{
  message: 'Login attempt: undefined',
  level: 'info',
  timestamp: '2020-06-15T03:17:18.926Z'
}
{
  message: 'Login attempt: undefined',
  level: 'info',
  timestamp: '2020-06-15T03:17:39.942Z'
}
{
  message: undefined,
  level: 'error',
  timestamp: '2020-06-15T03:17:42.595Z'
}
{
  message: 'Internal connection error',
  level: 'error',
  timestamp: '2020-06-15T03:17:42.596Z'
}
{
  message: 'Internal connection error',
  level: 'error',
  timestamp: '2020-06-15T03:17:42.596Z'
}
{
  message: 'Login attempt: undefined',
  level: 'info',
  timestamp: '2020-06-15T03:18:33.216Z'
}
{
  message: 'Login attempt: undefined',
  level: 'info',
  timestamp: '2020-06-15T03:19:31.069Z'
}
{
  message: 'Login attempt: undefined',
  level: 'info',
  timestamp: '2020-06-15T03:20:03.364Z'
}
{
  message: 'Login attempt: undefined',
  level: 'info',
  timestamp: '2020-06-15T03:21:20.179Z'
}
{
  message: 'Login attempt: undefined',
  level: 'info',
  timestamp: '2020-06-15T03:21:27.168Z'
}
{
  message: 'Login attempt: undefined',
  level: 'info',
  timestamp: '2020-06-15T03:22:35.583Z'
}
{
  message: 'Login attempt: undefined',
  level: 'info',
  timestamp: '2020-06-15T03:22:50.735Z'
}
{
  message: 'Login attempt: undefined',
  level: 'info',
  timestamp: '2020-06-15T03:24:17.457Z'
}
{
  message: 'Login attempt: undefined',
  level: 'info',
  timestamp: '2020-06-15T03:24:28.390Z'
}
{
  message: 'Login attempt: undefined',
  level: 'info',
  timestamp: '2020-06-15T03:24:52.970Z'
}
{
  message: 'Login attempt: undefined',
  level: 'info',
  timestamp: '2020-06-15T03:25:04.682Z'
}
{
  message: 'Login attempt: undefined',
  level: 'info',
  timestamp: '2020-06-15T03:25:20.203Z'
}
{
  message: 'Login attempt: undefined',
  level: 'info',
  timestamp: '2020-06-15T03:25:29.388Z'
}
{
  message: 'Login attempt: undefined',
  level: 'info',
  timestamp: '2020-06-15T03:25:51.326Z'
}
{
  message: undefined,
  level: 'error',
  timestamp: '2020-06-15T03:45:38.302Z'
}
{
  message: 'Internal connection error',
  level: 'error',
  timestamp: '2020-06-15T03:45:38.306Z'
}
{
  message: 'Internal connection error',
  level: 'error',
  timestamp: '2020-06-15T03:45:38.306Z'
}
{
  message: undefined,
  level: 'error',
  timestamp: '2020-06-15T03:45:50.736Z'
}
{
  message: 'Internal connection error',
  level: 'error',
  timestamp: '2020-06-15T03:45:50.737Z'
}
{
  message: 'Internal connection error',
  level: 'error',
  timestamp: '2020-06-15T03:45:50.737Z'
}
{
  message: undefined,
  level: 'error',
  timestamp: '2020-06-15T03:54:01.901Z'
}
{
  message: 'Internal connection error',
  level: 'error',
  timestamp: '2020-06-15T03:54:01.902Z'
}
{
  message: 'Internal connection error',
  level: 'error',
  timestamp: '2020-06-15T03:54:01.902Z'
}
{
  message: undefined,
  level: 'error',
  timestamp: '2020-06-15T03:57:13.751Z'
}
{
  message: 'Internal connection error',
  level: 'error',
  timestamp: '2020-06-15T03:57:13.754Z'
}
{
  message: 'Internal connection error',
  level: 'error',
  timestamp: '2020-06-15T03:57:13.754Z'
}
{
  message: undefined,
  level: 'error',
  timestamp: '2020-06-15T04:03:57.255Z'
}
{
  message: 'Internal connection error',
  level: 'error',
  timestamp: '2020-06-15T04:03:57.258Z'
}
{
  message: 'Internal connection error',
  level: 'error',
  timestamp: '2020-06-15T04:03:57.258Z'
}
{
  message: 'Login attempt: undefined',
  level: 'info',
  timestamp: '2020-06-15T05:12:54.950Z'
}
{
  message: 'Login attempt: undefined',
  level: 'info',
  timestamp: '2020-06-15T05:14:16.700Z'
}
{
  message: 'Login attempt: undefined',
  level: 'info',
  timestamp: '2020-06-15T05:15:53.348Z'
}
{
  message: 'Login attempt: undefined',
  level: 'info',
  timestamp: '2020-06-15T05:16:53.838Z'
}
{
  message: 'Login attempt: undefined',
  level: 'info',
  timestamp: '2020-06-15T05:34:54.065Z'
}
{
  message: 'Login attempt: undefined',
  level: 'info',
  timestamp: '2020-06-15T05:35:40.165Z'
}
{
  message: 'Login attempt: undefined',
  level: 'info',
  timestamp: '2020-06-15T05:35:51.756Z'
}
{
  message: 'Login attempt: undefined',
  level: 'info',
  timestamp: '2020-06-15T05:36:17.903Z'
}
{
  message: 'Login attempt: undefined',
  level: 'info',
  timestamp: '2020-06-15T05:37:08.440Z'
}
{
  message: 'Login attempt: undefined',
  level: 'info',
  timestamp: '2020-06-15T05:37:21.104Z'
}
{
  message: 'Login attempt: undefined',
  level: 'info',
  timestamp: '2020-06-15T05:38:10.151Z'
}
{
  message: 'Login attempt: undefined',
  level: 'info',
  timestamp: '2020-06-15T05:40:04.569Z'
}
{
  message: 'Login attempt: undefined',
  level: 'info',
  timestamp: '2020-06-15T05:40:12.299Z'
}
{
  message: 'Login attempt: undefined',
  level: 'info',
  timestamp: '2020-06-15T05:41:32.224Z'
}
{
  message: 'Login attempt: undefined',
  level: 'info',
  timestamp: '2020-06-15T05:41:58.106Z'
}
{
  message: 'Login attempt: undefined',
  level: 'info',
  timestamp: '2020-06-15T05:43:10.391Z'
}
{
  message: 'Login attempt: undefined',
  level: 'info',
  timestamp: '2020-06-15T05:44:34.631Z'
}
{
  message: 'Login attempt: undefined',
  level: 'info',
  timestamp: '2020-06-15T05:45:57.906Z'
}
{
  message: 'Login attempt: undefined',
  level: 'info',
  timestamp: '2020-06-15T05:46:02.933Z'
}
{
  message: 'Login attempt: undefined',
  level: 'info',
  timestamp: '2020-06-15T05:46:52.135Z'
}
{
  message: 'Login attempt: undefined',
  level: 'info',
  timestamp: '2020-06-15T05:47:05.438Z'
}
{
  message: 'Login attempt: undefined',
  level: 'info',
  timestamp: '2020-06-15T05:47:16.869Z'
}
{
  message: 'Login attempt: undefined',
  level: 'info',
  timestamp: '2020-06-15T05:47:24.020Z'
}
{
  message: 'Login attempt: undefined',
  level: 'info',
  timestamp: '2020-06-15T05:48:20.489Z'
}
{
  message: 'Login attempt: undefined',
  level: 'info',
  timestamp: '2020-06-15T05:48:48.529Z'
}
{
  message: 'Login attempt: undefined',
  level: 'info',
  timestamp: '2020-06-15T05:48:55.668Z'
}
{
  message: 'Login attempt: undefined',
  level: 'info',
  timestamp: '2020-06-15T05:49:47.206Z'
}
{
  message: 'Login attempt: admin@admin.com',
  level: 'info',
  timestamp: '2020-06-15T05:53:19.999Z'
}
{
  message: 'Login attempt: undefined',
  level: 'info',
  timestamp: '2020-06-15T05:53:29.621Z'
}
{
  message: 'Login attempt: undefined',
  level: 'info',
  timestamp: '2020-06-15T05:53:56.229Z'
}
{
  message: 'Login attempt: undefined',
  level: 'info',
  timestamp: '2020-06-15T05:54:05.108Z'
}
{
  message: "Cannot read property 'count' of undefined",
  level: 'error',
  timestamp: '2020-06-15T05:55:04.549Z'
}
{
  message: 'Internal connection error',
  level: 'error',
  timestamp: '2020-06-15T05:55:04.558Z'
}
{
  message: 'Internal connection error',
  level: 'error',
  timestamp: '2020-06-15T05:55:04.559Z'
}
{
  message: "Cannot read property 'count' of undefined",
  level: 'error',
  timestamp: '2020-06-15T05:55:50.232Z'
}
{
  message: 'Internal connection error',
  level: 'error',
  timestamp: '2020-06-15T05:55:50.234Z'
}
{
  message: 'Internal connection error',
  level: 'error',
  timestamp: '2020-06-15T05:55:50.234Z'
}
{
  message: 'insert into "zonal_commands" ("active", "created_by", "created_date", "lga", "state", "updated_by", "updated_date", "zonal_command_code", "zonal_command_name") values ($1, DEFAULT, $2, $3, $4, DEFAULT, $5, $6, $7) returning "zonal_command_code" - column "active" of relation "zonal_commands" does not exist',
  level: 'error',
  timestamp: '2020-06-15T05:57:21.742Z'
}
{
  message: 'Internal connection error',
  level: 'error',
  timestamp: '2020-06-15T05:57:21.746Z'
}
{
  message: 'Internal connection error',
  level: 'error',
  timestamp: '2020-06-15T05:57:21.747Z'
}
{
  message: 'Login attempt: admin@admin.com',
  level: 'info',
  timestamp: '2020-06-15T06:04:22.523Z'
}
{
  message: 'Converting circular structure to JSON\n' +
    "    --> starting at object with constructor 'Client_PG'\n" +
    "    |     property 'valueForUndefined' -> object with constructor 'Raw'\n" +
    "    --- property 'client' closes the circle",
  level: 'error',
  timestamp: '2020-06-15T06:04:22.559Z'
}
{
  message: 'Login attempt: admin@admin.com',
  level: 'info',
  timestamp: '2020-06-15T06:04:57.294Z'
}
{
  message: 'Converting circular structure to JSON\n' +
    "    --> starting at object with constructor 'Client_PG'\n" +
    "    |     property 'valueForUndefined' -> object with constructor 'Raw'\n" +
    "    --- property 'client' closes the circle",
  level: 'error',
  timestamp: '2020-06-15T06:04:57.302Z'
}
{
  message: 'Login attempt: admin@admin.com',
  level: 'info',
  timestamp: '2020-06-15T06:05:45.497Z'
}
{
  message: 'Login attempt: admin@admin.com',
  level: 'info',
  timestamp: '2020-06-15T06:06:07.765Z'
}
{
  message: 'select * from "zonal_commands" inner join "states" on "states"."state_id" = "zonal_commands"."state" inner join "states" on "states"."state_id" = "zonal_commands"."state" - table name "states" specified more than once',
  level: 'error',
  timestamp: '2020-06-15T06:06:07.830Z'
}
{
  message: 'Internal connection error',
  level: 'error',
  timestamp: '2020-06-15T06:06:07.831Z'
}
{
  message: 'Internal connection error',
  level: 'error',
  timestamp: '2020-06-15T06:06:07.831Z'
}
{
  message: 'Login attempt: admin@admin.com',
  level: 'info',
  timestamp: '2020-06-15T06:06:36.864Z'
}
{
  message: 'Login attempt: admin@admin.com',
  level: 'info',
  timestamp: '2020-06-15T06:13:27.394Z'
}
{
  message: 'Login attempt: admin@admin.com',
  level: 'info',
  timestamp: '2020-06-15T06:13:49.149Z'
}
{
  message: 'Login attempt: admin@admin.com',
  level: 'info',
  timestamp: '2020-06-15T06:14:35.789Z'
}
{
  message: 'Login attempt: undefined',
  level: 'info',
  timestamp: '2020-06-15T06:15:47.713Z'
}
{
  message: 'Login attempt: undefined',
  level: 'info',
  timestamp: '2020-06-15T06:16:00.689Z'
}
{
  message: 'Login attempt: undefined',
  level: 'info',
  timestamp: '2020-06-15T06:16:05.376Z'
}
{
  message: 'Login attempt: undefined',
  level: 'info',
  timestamp: '2020-06-15T06:16:56.107Z'
}
{
  message: 'Login attempt: undefined',
  level: 'info',
  timestamp: '2020-06-15T06:17:20.465Z'
}
{
  message: 'Login attempt: undefined',
  level: 'info',
  timestamp: '2020-06-15T06:17:23.564Z'
}
{
  message: 'Login attempt: undefined',
  level: 'info',
  timestamp: '2020-06-15T06:17:34.245Z'
}
{
  message: 'Login attempt: undefined',
  level: 'info',
  timestamp: '2020-06-15T06:17:48.285Z'
}
{
  message: 'Login attempt: undefined',
  level: 'info',
  timestamp: '2020-06-15T06:17:48.328Z'
}
{
  message: 'Login attempt: undefined',
  level: 'info',
  timestamp: '2020-06-15T06:22:43.452Z'
}
{
  message: 'Login attempt: undefined',
  level: 'info',
  timestamp: '2020-06-15T06:22:43.504Z'
}
{
  message: 'Login attempt: undefined',
  level: 'info',
  timestamp: '2020-06-15T06:23:07.180Z'
}
{
  message: 'Login attempt: undefined',
  level: 'info',
  timestamp: '2020-06-15T06:23:07.183Z'
}
{
  message: 'Login attempt: undefined',
  level: 'info',
  timestamp: '2020-06-15T06:47:58.930Z'
}
{
  message: 'Login attempt: undefined',
  level: 'info',
  timestamp: '2020-06-15T06:47:59.015Z'
}
{
  message: 'Login attempt: undefined',
  level: 'info',
  timestamp: '2020-06-15T07:13:24.784Z'
}
{
  message: 'Login attempt: undefined',
  level: 'info',
  timestamp: '2020-06-15T07:13:24.819Z'
}
{
  message: 'Login attempt: undefined',
  level: 'info',
  timestamp: '2020-06-15T10:24:39.266Z'
}
{
  message: 'Login attempt: undefined',
  level: 'info',
  timestamp: '2020-06-15T10:24:39.360Z'
}
{
  message: 'Login attempt: undefined',
  level: 'info',
  timestamp: '2020-06-15T10:26:30.584Z'
}
{
  message: 'Login attempt: undefined',
  level: 'info',
  timestamp: '2020-06-15T10:26:30.593Z'
}
{
  message: 'Login attempt: undefined',
  level: 'info',
  timestamp: '2020-06-15T10:29:17.091Z'
}
{
  message: 'Login attempt: undefined',
  level: 'info',
  timestamp: '2020-06-15T10:29:17.127Z'
}
{
  message: 'Login attempt: undefined',
  level: 'info',
  timestamp: '2020-06-15T10:30:08.364Z'
}
{
  message: 'Login attempt: undefined',
  level: 'info',
  timestamp: '2020-06-15T10:30:08.375Z'
}
{
  message: 'Login attempt: undefined',
  level: 'info',
  timestamp: '2020-06-15T10:31:28.119Z'
}
{
  message: 'Login attempt: undefined',
  level: 'info',
  timestamp: '2020-06-15T10:31:28.131Z'
}
{
  message: 'Login attempt: undefined',
  level: 'info',
  timestamp: '2020-06-15T10:32:25.412Z'
}
{
  message: 'Login attempt: undefined',
  level: 'info',
  timestamp: '2020-06-15T10:32:25.413Z'
}
{
  id: '<20200615104216.1.577486F2A8647994@mg.nassconnect.com.ng>',
  message: 'Queued. Thank you.',
  level: 'info',
  timestamp: '2020-06-15T10:38:15.991Z'
}
{
  id: '<20200615104328.1.6037A4C26904640D@mg.nassconnect.com.ng>',
  message: 'Queued. Thank you.',
  level: 'info',
  timestamp: '2020-06-15T10:39:28.002Z'
}
{
  id: '<20200615105641.1.016032F228368889@mg.nassconnect.com.ng>',
  message: 'Queued. Thank you.',
  level: 'info',
  timestamp: '2020-06-15T10:52:40.847Z'
}
{
  id: '<20200615105813.1.80AAB7AF23FB5574@mg.nassconnect.com.ng>',
  message: 'Queued. Thank you.',
  level: 'info',
  timestamp: '2020-06-15T10:54:12.819Z'
}
{
  message: 'Login attempt: undefined',
  level: 'info',
  timestamp: '2020-06-15T10:55:09.260Z'
}
{
  message: 'Login attempt: undefined',
  level: 'info',
  timestamp: '2020-06-15T10:55:09.269Z'
}
{
  id: '<20200615105929.1.B19DE75791F46819@mg.nassconnect.com.ng>',
  message: 'Queued. Thank you.',
  level: 'info',
  timestamp: '2020-06-15T10:55:28.594Z'
}
{
  id: '<20200615110209.1.840782BBA9F0EDDF@mg.nassconnect.com.ng>',
  message: 'Queued. Thank you.',
  level: 'info',
  timestamp: '2020-06-15T10:58:08.161Z'
}
{
  message: 'insert into "users" ("account_type", "created_by", "created_date", "email_address", "first_name", "last_name", "phone_number", "updated_by", "updated_date", "user_code") values ($1, $2, $3, $4, $5, $6, DEFAULT, $7, $8, $9) returning "user_code" - duplicate key value violates unique constraint "users_pkey"',
  level: 'error',
  timestamp: '2020-06-15T11:11:15.047Z'
}
{
  message: 'Internal connection error',
  level: 'error',
  timestamp: '2020-06-15T11:11:15.051Z'
}
{
  message: 'Internal connection error',
  level: 'error',
  timestamp: '2020-06-15T11:11:15.052Z'
}
{
  message: 'insert into "authentication" ("account_type", "active", "created_date", "email_address", "enabled", "updated_date", "user_code", "verification_code", "verification_code_expiry") values ($1, $2, $3, $4, $5, $6, $7, $8, $9) returning "user_code" - duplicate key value violates unique constraint "authentication_pkey"',
  level: 'error',
  timestamp: '2020-06-15T11:15:01.317Z'
}
{
  message: 'Internal connection error',
  level: 'error',
  timestamp: '2020-06-15T11:15:01.318Z'
}
{
  message: 'Internal connection error',
  level: 'error',
  timestamp: '2020-06-15T11:15:01.318Z'
}
{
  id: '<20200615112033.1.84CD5E6CCA83CC8C@mg.nassconnect.com.ng>',
  message: 'Queued. Thank you.',
  level: 'info',
  timestamp: '2020-06-15T11:16:32.729Z'
}
{
  message: 'Login attempt: undefined',
  level: 'info',
  timestamp: '2020-06-15T12:07:56.673Z'
}
{
  message: 'Login attempt: undefined',
  level: 'info',
  timestamp: '2020-06-15T12:09:55.800Z'
}
{
  message: 'Login attempt: undefined',
  level: 'info',
  timestamp: '2020-06-15T12:09:57.102Z'
}
{
  message: 'Login attempt: undefined',
  level: 'info',
  timestamp: '2020-06-15T12:10:00.430Z'
}
{
  message: 'Login attempt: undefined',
  level: 'info',
  timestamp: '2020-06-15T12:10:06.814Z'
}
{
  message: 'Login attempt: undefined',
  level: 'info',
  timestamp: '2020-06-15T12:10:16.585Z'
}
{
  message: undefined,
  level: 'error',
  timestamp: '2020-06-15T12:11:48.166Z'
}
{
  message: 'Internal connection error',
  level: 'error',
  timestamp: '2020-06-15T12:11:48.167Z'
}
{
  message: 'Internal connection error',
  level: 'error',
  timestamp: '2020-06-15T12:11:48.167Z'
}
{
  message: undefined,
  level: 'error',
  timestamp: '2020-06-15T12:21:44.353Z'
}
{
  message: 'Internal connection error',
  level: 'error',
  timestamp: '2020-06-15T12:21:44.367Z'
}
{
  message: 'Internal connection error',
  level: 'error',
  timestamp: '2020-06-15T12:21:44.367Z'
}
{
  message: undefined,
  level: 'error',
  timestamp: '2020-06-15T12:22:50.236Z'
}
{
  message: 'Internal connection error',
  level: 'error',
  timestamp: '2020-06-15T12:22:50.237Z'
}
{
  message: 'Internal connection error',
  level: 'error',
  timestamp: '2020-06-15T12:22:50.237Z'
}
{
  message: 'Login attempt: undefined',
  level: 'info',
  timestamp: '2020-06-15T12:22:58.369Z'
}
{
  message: 'Login attempt: undefined',
  level: 'info',
  timestamp: '2020-06-15T12:23:03.648Z'
}
{
  message: 'Login attempt: undefined',
  level: 'info',
  timestamp: '2020-06-15T12:23:05.013Z'
}
{
  message: 'Login attempt: undefined',
  level: 'info',
  timestamp: '2020-06-15T12:23:06.677Z'
}
{
  message: 'Login attempt: undefined',
  level: 'info',
  timestamp: '2020-06-15T12:23:07.851Z'
}
{
  message: undefined,
  level: 'error',
  timestamp: '2020-06-15T12:23:22.260Z'
}
{
  message: 'Internal connection error',
  level: 'error',
  timestamp: '2020-06-15T12:23:22.260Z'
}
{
  message: 'Internal connection error',
  level: 'error',
  timestamp: '2020-06-15T12:23:22.260Z'
}
{
  message: 'Login attempt: admin@admin.com',
  level: 'info',
  timestamp: '2020-06-15T12:44:50.673Z'
}
{
  message: undefined,
  level: 'error',
  timestamp: '2020-06-15T12:47:05.669Z'
}
{
  message: 'Internal connection error',
  level: 'error',
  timestamp: '2020-06-15T12:47:05.676Z'
}
{
  message: 'Internal connection error',
  level: 'error',
  timestamp: '2020-06-15T12:47:05.676Z'
}
{
  message: 'Login attempt: undefined',
  level: 'info',
  timestamp: '2020-06-15T12:47:30.638Z'
}
{
  message: 'Login attempt: undefined',
  level: 'info',
  timestamp: '2020-06-15T12:47:32.697Z'
}
{
  message: 'Login attempt: undefined',
  level: 'info',
  timestamp: '2020-06-15T12:47:33.802Z'
}
{
  message: 'Login attempt: undefined',
  level: 'info',
  timestamp: '2020-06-15T12:54:31.427Z'
}
{
  message: 'Login attempt: undefined',
  level: 'info',
  timestamp: '2020-06-15T13:35:12.125Z'
}
{
  message: 'Login attempt: undefined',
  level: 'info',
  timestamp: '2020-06-15T13:37:43.754Z'
}
{
  message: 'Login attempt: undefined',
  level: 'info',
  timestamp: '2020-06-15T13:37:51.555Z'
}
{
  message: 'Login attempt: undefined',
  level: 'info',
  timestamp: '2020-06-15T13:39:50.063Z'
}
{
  message: 'Login attempt: undefined',
  level: 'info',
  timestamp: '2020-06-15T13:40:18.452Z'
}
{
  message: 'Login attempt: undefined',
  level: 'info',
  timestamp: '2020-06-15T13:40:27.282Z'
}
{
  message: 'Login attempt: undefined',
  level: 'info',
  timestamp: '2020-06-15T13:40:33.919Z'
}
{
  message: 'Login attempt: undefined',
  level: 'info',
  timestamp: '2020-06-15T13:41:02.204Z'
}
{
  message: 'Login attempt: undefined',
  level: 'info',
  timestamp: '2020-06-15T13:42:07.770Z'
}
{
  message: 'Login attempt: undefined',
  level: 'info',
  timestamp: '2020-06-15T13:43:17.289Z'
}
{
  message: 'Login attempt: admin@admin.com',
  level: 'info',
  timestamp: '2020-06-15T13:47:57.902Z'
}
{
  message: 'Login attempt: undefined',
  level: 'info',
  timestamp: '2020-06-15T13:48:07.886Z'
}
{
  message: 'Login attempt: undefined',
  level: 'info',
  timestamp: '2020-06-15T13:48:09.124Z'
}
{
  message: undefined,
  level: 'error',
  timestamp: '2020-06-15T13:48:16.827Z'
}
{
  message: 'Internal connection error',
  level: 'error',
  timestamp: '2020-06-15T13:48:16.828Z'
}
{
  message: 'Internal connection error',
  level: 'error',
  timestamp: '2020-06-15T13:48:16.828Z'
}
{
  message: 'Login attempt: undefined',
  level: 'info',
  timestamp: '2020-06-15T14:05:13.929Z'
}
{
  message: 'Login attempt: undefined',
  level: 'info',
  timestamp: '2020-06-15T16:41:21.785Z'
}
{
  message: 'Login attempt: undefined',
  level: 'info',
  timestamp: '2020-06-15T16:41:25.083Z'
}
{
  message: 'Login attempt: undefined',
  level: 'info',
  timestamp: '2020-06-15T18:02:02.852Z'
}
{
  message: 'Login attempt: admin@admin.com',
  level: 'info',
  timestamp: '2020-06-15T18:02:20.488Z'
}
{
  message: 'Login attempt: undefined',
  level: 'info',
  timestamp: '2020-06-15T18:02:40.430Z'
}
{
  message: 'Login attempt: undefined',
  level: 'info',
  timestamp: '2020-06-15T18:06:41.980Z'
}
{
  message: 'Login attempt: undefined',
  level: 'info',
  timestamp: '2020-06-15T18:16:32.238Z'
}
{
  message: 'Login attempt: undefined',
  level: 'info',
  timestamp: '2020-06-15T18:16:34.549Z'
}
{
  message: 'Login attempt: undefined',
  level: 'info',
  timestamp: '2020-06-15T18:16:51.239Z'
}
{
  message: 'Login attempt: undefined',
  level: 'info',
  timestamp: '2020-06-15T18:16:53.156Z'
}
{
  message: 'Login attempt: undefined',
  level: 'info',
  timestamp: '2020-06-15T18:17:27.548Z'
}
{
  message: 'Login attempt: undefined',
  level: 'info',
  timestamp: '2020-06-15T18:17:29.836Z'
}
{
  message: 'Login attempt: undefined',
  level: 'info',
  timestamp: '2020-06-15T18:18:53.722Z'
}
{
  message: 'Login attempt: undefined',
  level: 'info',
  timestamp: '2020-06-15T18:18:53.954Z'
}
{
  message: 'Login attempt: undefined',
  level: 'info',
  timestamp: '2020-06-15T18:22:55.136Z'
}
{
  message: 'Login attempt: undefined',
  level: 'info',
  timestamp: '2020-06-15T18:23:07.976Z'
}
{
  message: 'Login attempt: undefined',
  level: 'info',
  timestamp: '2020-06-15T18:27:31.014Z'
}
{
  message: 'Login attempt: undefined',
  level: 'info',
  timestamp: '2020-06-15T18:30:10.717Z'
}
{
  message: 'Login attempt: undefined',
  level: 'info',
  timestamp: '2020-06-15T18:30:32.833Z'
}
{
  message: 'Login attempt: undefined',
  level: 'info',
  timestamp: '2020-06-15T18:30:35.496Z'
}
{
  message: 'Login attempt: undefined',
  level: 'info',
  timestamp: '2020-06-15T18:31:00.110Z'
}
{
  message: 'Login attempt: undefined',
  level: 'info',
  timestamp: '2020-06-15T18:32:24.369Z'
}
{
  message: 'Login attempt: undefined',
  level: 'info',
  timestamp: '2020-06-15T18:38:19.556Z'
}
{
  message: 'Login attempt: undefined',
  level: 'info',
  timestamp: '2020-06-15T18:41:16.079Z'
}
{
  message: 'Login attempt: undefined',
  level: 'info',
  timestamp: '2020-06-15T18:42:40.416Z'
}
{
  message: 'Login attempt: undefined',
  level: 'info',
  timestamp: '2020-06-15T18:46:51.827Z'
}
{
  message: 'Login attempt: undefined',
  level: 'info',
  timestamp: '2020-06-15T18:47:11.248Z'
}
{
  message: 'Login attempt: undefined',
  level: 'info',
  timestamp: '2020-06-15T18:47:50.459Z'
}
{
  message: 'Login attempt: undefined',
  level: 'info',
  timestamp: '2020-06-15T18:48:03.282Z'
}
{
  message: 'Login attempt: undefined',
  level: 'info',
  timestamp: '2020-06-15T18:50:35.801Z'
}
{
  message: 'Login attempt: undefined',
  level: 'info',
  timestamp: '2020-06-15T18:51:05.461Z'
}
{
  message: 'Login attempt: undefined',
  level: 'info',
  timestamp: '2020-06-15T18:52:57.112Z'
}
{
  message: 'Login attempt: undefined',
  level: 'info',
  timestamp: '2020-06-15T18:53:46.259Z'
}
{
  message: 'Login attempt: undefined',
  level: 'info',
  timestamp: '2020-06-15T18:53:55.066Z'
}
{
  message: 'Login attempt: undefined',
  level: 'info',
  timestamp: '2020-06-15T18:54:53.617Z'
}
{
  message: 'Login attempt: undefined',
  level: 'info',
  timestamp: '2020-06-15T18:55:24.872Z'
}
{
  message: 'Login attempt: undefined',
  level: 'info',
  timestamp: '2020-06-15T18:56:47.855Z'
}
{
  message: 'Login attempt: undefined',
  level: 'info',
  timestamp: '2020-06-15T18:56:57.460Z'
}
{
  message: 'Login attempt: undefined',
  level: 'info',
  timestamp: '2020-06-15T19:19:04.334Z'
}
{
  message: 'Login attempt: undefined',
  level: 'info',
  timestamp: '2020-06-15T19:19:16.184Z'
}
{
  message: 'Login attempt: undefined',
  level: 'info',
  timestamp: '2020-06-15T19:22:13.657Z'
}
{
  message: 'Invalid value used as weak map key',
  level: 'error',
  timestamp: '2020-06-15T23:10:54.478Z'
}
{
  message: 'Internal connection error',
  level: 'error',
  timestamp: '2020-06-15T23:10:54.788Z'
}
{
  message: 'Internal connection error',
  level: 'error',
  timestamp: '2020-06-15T23:10:54.789Z'
}
{
  message: 'Invalid value used as weak map key',
  level: 'error',
  timestamp: '2020-06-15T23:10:54.821Z'
}
{
  message: 'Internal connection error',
  level: 'error',
  timestamp: '2020-06-15T23:10:54.822Z'
}
{
  message: 'Internal connection error',
  level: 'error',
  timestamp: '2020-06-15T23:10:54.822Z'
}
{
  message: 'Invalid value used as weak map key',
  level: 'error',
  timestamp: '2020-06-15T23:10:54.838Z'
}
{
  message: 'Internal connection error',
  level: 'error',
  timestamp: '2020-06-15T23:10:54.839Z'
}
{
  message: 'Internal connection error',
  level: 'error',
  timestamp: '2020-06-15T23:10:54.841Z'
}
{
  message: 'Invalid value used as weak map key',
  level: 'error',
  timestamp: '2020-06-15T23:13:43.310Z'
}
{
  message: 'Internal connection error',
  level: 'error',
  timestamp: '2020-06-15T23:13:43.313Z'
}
{
  message: 'Internal connection error',
  level: 'error',
  timestamp: '2020-06-15T23:13:43.314Z'
}
{
  message: 'Invalid value used as weak map key',
  level: 'error',
  timestamp: '2020-06-15T23:13:43.441Z'
}
{
  message: 'Internal connection error',
  level: 'error',
  timestamp: '2020-06-15T23:13:43.443Z'
}
{
  message: 'Internal connection error',
  level: 'error',
  timestamp: '2020-06-15T23:13:43.444Z'
}
{
  message: 'Invalid value used as weak map key',
  level: 'error',
  timestamp: '2020-06-15T23:13:43.448Z'
}
{
  message: 'Internal connection error',
  level: 'error',
  timestamp: '2020-06-15T23:13:43.449Z'
}
{
  message: 'Internal connection error',
  level: 'error',
  timestamp: '2020-06-15T23:13:43.449Z'
}
{
  message: 'Invalid value used as weak map key',
  level: 'error',
  timestamp: '2020-06-15T23:15:50.159Z'
}
{
  message: 'Internal connection error',
  level: 'error',
  timestamp: '2020-06-15T23:15:50.161Z'
}
{
  message: 'Internal connection error',
  level: 'error',
  timestamp: '2020-06-15T23:15:50.162Z'
}
{
  message: 'Invalid value used as weak map key',
  level: 'error',
  timestamp: '2020-06-15T23:15:50.168Z'
}
{
  message: 'Internal connection error',
  level: 'error',
  timestamp: '2020-06-15T23:15:50.168Z'
}
{
  message: 'Internal connection error',
  level: 'error',
  timestamp: '2020-06-15T23:15:50.168Z'
}
{
  message: 'Invalid value used as weak map key',
  level: 'error',
  timestamp: '2020-06-15T23:15:50.303Z'
}
{
  message: 'Internal connection error',
  level: 'error',
  timestamp: '2020-06-15T23:15:50.304Z'
}
{
  message: 'Internal connection error',
  level: 'error',
  timestamp: '2020-06-15T23:15:50.304Z'
}
{
  message: 'Invalid value used as weak map key',
  level: 'error',
  timestamp: '2020-06-15T23:16:42.501Z'
}
{
  message: 'Internal connection error',
  level: 'error',
  timestamp: '2020-06-15T23:16:42.503Z'
}
{
  message: 'Internal connection error',
  level: 'error',
  timestamp: '2020-06-15T23:16:42.507Z'
}
{
  message: 'Invalid value used as weak map key',
  level: 'error',
  timestamp: '2020-06-15T23:16:42.513Z'
}
{
  message: 'Internal connection error',
  level: 'error',
  timestamp: '2020-06-15T23:16:42.514Z'
}
{
  message: 'Internal connection error',
  level: 'error',
  timestamp: '2020-06-15T23:16:42.514Z'
}
{
  message: 'Invalid value used as weak map key',
  level: 'error',
  timestamp: '2020-06-15T23:16:43.066Z'
}
{
  message: 'Internal connection error',
  level: 'error',
  timestamp: '2020-06-15T23:16:43.068Z'
}
{
  message: 'Internal connection error',
  level: 'error',
  timestamp: '2020-06-15T23:16:43.069Z'
}
{
  message: 'Invalid value used as weak map key',
  level: 'error',
  timestamp: '2020-06-15T23:17:45.089Z'
}
{
  message: 'Internal connection error',
  level: 'error',
  timestamp: '2020-06-15T23:17:45.091Z'
}
{
  message: 'Internal connection error',
  level: 'error',
  timestamp: '2020-06-15T23:17:45.091Z'
}
{
  message: 'Invalid value used as weak map key',
  level: 'error',
  timestamp: '2020-06-15T23:17:45.094Z'
}
{
  message: 'Internal connection error',
  level: 'error',
  timestamp: '2020-06-15T23:17:45.095Z'
}
{
  message: 'Internal connection error',
  level: 'error',
  timestamp: '2020-06-15T23:17:45.095Z'
}
{
  message: 'Invalid value used as weak map key',
  level: 'error',
  timestamp: '2020-06-15T23:17:45.098Z'
}
{
  message: 'Internal connection error',
  level: 'error',
  timestamp: '2020-06-15T23:17:45.099Z'
}
{
  message: 'Internal connection error',
  level: 'error',
  timestamp: '2020-06-15T23:17:45.099Z'
}
{
  message: 'Invalid value used as weak map key',
  level: 'error',
  timestamp: '2020-06-15T23:18:06.494Z'
}
{
  message: 'Internal connection error',
  level: 'error',
  timestamp: '2020-06-15T23:18:06.496Z'
}
{
  message: 'Internal connection error',
  level: 'error',
  timestamp: '2020-06-15T23:18:06.496Z'
}
{
  message: 'Invalid value used as weak map key',
  level: 'error',
  timestamp: '2020-06-15T23:18:06.690Z'
}
{
  message: 'Internal connection error',
  level: 'error',
  timestamp: '2020-06-15T23:18:06.690Z'
}
{
  message: 'Internal connection error',
  level: 'error',
  timestamp: '2020-06-15T23:18:06.690Z'
}
{
  message: 'Invalid value used as weak map key',
  level: 'error',
  timestamp: '2020-06-15T23:18:06.695Z'
}
{
  message: 'Internal connection error',
  level: 'error',
  timestamp: '2020-06-15T23:18:06.696Z'
}
{
  message: 'Internal connection error',
  level: 'error',
  timestamp: '2020-06-15T23:18:06.696Z'
}
{
  message: 'Invalid value used as weak map key',
  level: 'error',
  timestamp: '2020-06-15T23:18:10.669Z'
}
{
  message: 'Internal connection error',
  level: 'error',
  timestamp: '2020-06-15T23:18:10.672Z'
}
{
  message: 'Internal connection error',
  level: 'error',
  timestamp: '2020-06-15T23:18:10.675Z'
}
{
  message: 'Invalid value used as weak map key',
  level: 'error',
  timestamp: '2020-06-15T23:18:10.690Z'
}
{
  message: 'Internal connection error',
  level: 'error',
  timestamp: '2020-06-15T23:18:10.690Z'
}
{
  message: 'Internal connection error',
  level: 'error',
  timestamp: '2020-06-15T23:18:10.690Z'
}
{
  message: 'Invalid value used as weak map key',
  level: 'error',
  timestamp: '2020-06-15T23:18:10.716Z'
}
{
  message: 'Internal connection error',
  level: 'error',
  timestamp: '2020-06-15T23:18:10.717Z'
}
{
  message: 'Internal connection error',
  level: 'error',
  timestamp: '2020-06-15T23:18:10.718Z'
}
{
  message: 'Invalid value used as weak map key',
  level: 'error',
  timestamp: '2020-06-15T23:20:26.863Z'
}
{
  message: 'Internal connection error',
  level: 'error',
  timestamp: '2020-06-15T23:20:26.870Z'
}
{
  message: 'Internal connection error',
  level: 'error',
  timestamp: '2020-06-15T23:20:26.871Z'
}
{
  message: 'Invalid value used as weak map key',
  level: 'error',
  timestamp: '2020-06-15T23:20:26.876Z'
}
{
  message: 'Internal connection error',
  level: 'error',
  timestamp: '2020-06-15T23:20:26.876Z'
}
{
  message: 'Internal connection error',
  level: 'error',
  timestamp: '2020-06-15T23:20:26.877Z'
}
{
  message: 'Invalid value used as weak map key',
  level: 'error',
  timestamp: '2020-06-15T23:20:26.882Z'
}
{
  message: 'Internal connection error',
  level: 'error',
  timestamp: '2020-06-15T23:20:26.883Z'
}
{
  message: 'Internal connection error',
  level: 'error',
  timestamp: '2020-06-15T23:20:26.883Z'
}
{
  message: 'Login attempt: undefined',
  level: 'info',
  timestamp: '2020-06-15T23:35:14.887Z'
}
{
  message: 'Login attempt: undefined',
  level: 'info',
  timestamp: '2020-06-16T00:15:21.680Z'
}
{
  message: 'Login attempt: undefined',
  level: 'info',
  timestamp: '2020-06-16T00:18:18.074Z'
}
{
  message: 'Login attempt: undefined',
  level: 'info',
  timestamp: '2020-06-16T00:20:19.453Z'
}
{
  message: 'Unit already exists',
  level: 'error',
  timestamp: '2020-06-16T00:20:21.799Z'
}
{
  message: 'Unit already exists',
  level: 'error',
  timestamp: '2020-06-16T00:20:21.799Z'
}
{
  message: 'Login attempt: undefined',
  level: 'info',
  timestamp: '2020-06-16T00:20:24.626Z'
}
{
  message: 'Login attempt: undefined',
  level: 'info',
  timestamp: '2020-06-16T00:21:36.663Z'
}
{
  message: 'Login attempt: undefined',
  level: 'info',
  timestamp: '2020-06-16T00:21:44.872Z'
}
{
  message: undefined,
  level: 'error',
  timestamp: '2020-06-16T00:23:16.616Z'
}
{
  message: 'Internal connection error',
  level: 'error',
  timestamp: '2020-06-16T00:23:16.622Z'
}
{
  message: 'Internal connection error',
  level: 'error',
  timestamp: '2020-06-16T00:23:16.623Z'
}
{
  message: undefined,
  level: 'error',
  timestamp: '2020-06-16T00:29:59.559Z'
}
{
  message: 'Internal connection error',
  level: 'error',
  timestamp: '2020-06-16T00:29:59.561Z'
}
{
  message: 'Internal connection error',
  level: 'error',
  timestamp: '2020-06-16T00:29:59.562Z'
}
{
  message: 'Login attempt: undefined',
  level: 'info',
  timestamp: '2020-06-16T04:34:29.915Z'
}
{
  message: 'Login attempt: undefined',
  level: 'info',
  timestamp: '2020-06-16T04:34:29.985Z'
}
{
  message: 'Login attempt: undefined',
  level: 'info',
  timestamp: '2020-06-16T04:35:40.664Z'
}
{
  message: 'Login attempt: undefined',
  level: 'info',
  timestamp: '2020-06-16T04:35:44.879Z'
}
{
  message: 'Login attempt: undefined',
  level: 'info',
  timestamp: '2020-06-16T04:35:57.329Z'
}
{
  message: 'Login attempt: undefined',
  level: 'info',
  timestamp: '2020-06-16T04:36:37.369Z'
}
{
  message: 'Login attempt: undefined',
  level: 'info',
  timestamp: '2020-06-16T04:38:05.635Z'
}
{
  message: 'Login attempt: undefined',
  level: 'info',
  timestamp: '2020-06-16T04:38:05.643Z'
}
{
  message: 'Login attempt: undefined',
  level: 'info',
  timestamp: '2020-06-16T04:41:43.585Z'
}
{
  message: 'Login attempt: undefined',
  level: 'info',
  timestamp: '2020-06-16T04:41:43.590Z'
}
{
  message: 'Login attempt: undefined',
  level: 'info',
  timestamp: '2020-06-16T04:42:02.132Z'
}
{
  message: 'Login attempt: undefined',
  level: 'info',
  timestamp: '2020-06-16T04:42:07.062Z'
}
{
  message: 'Login attempt: undefined',
  level: 'info',
  timestamp: '2020-06-16T04:42:21.440Z'
}
{
  message: 'Login attempt: undefined',
  level: 'info',
  timestamp: '2020-06-16T04:42:21.452Z'
}
{
  message: 'Login attempt: undefined',
  level: 'info',
  timestamp: '2020-06-16T04:43:13.064Z'
}
{
  message: 'Login attempt: undefined',
  level: 'info',
  timestamp: '2020-06-16T04:43:13.072Z'
}
{
  message: 'Login attempt: undefined',
  level: 'info',
  timestamp: '2020-06-16T04:43:24.467Z'
}
{
  message: 'Login attempt: undefined',
  level: 'info',
  timestamp: '2020-06-16T04:43:24.482Z'
}
{
  message: 'Login attempt: undefined',
  level: 'info',
  timestamp: '2020-06-16T04:44:00.053Z'
}
{
  message: 'Login attempt: undefined',
  level: 'info',
  timestamp: '2020-06-16T04:44:00.073Z'
}
{
  message: 'Login attempt: undefined',
  level: 'info',
  timestamp: '2020-06-16T05:02:14.012Z'
}
{
  message: 'Login attempt: undefined',
  level: 'info',
  timestamp: '2020-06-16T05:02:14.033Z'
}
{
  id: '<20200616050637.1.C059CD0A1748BA5C@mg.nassconnect.com.ng>',
  message: 'Queued. Thank you.',
  level: 'info',
  timestamp: '2020-06-16T05:02:36.165Z'
}
{
  message: 'Dept reg complete',
  level: 'info',
  timestamp: '2020-06-16T05:03:04.439Z'
}
{
  message: 'Zone reg complete',
  level: 'info',
  timestamp: '2020-06-16T05:03:04.448Z'
}
{
  message: 'insert into "unit_staff" ("created_date", "staff_code", "unit_code", "updated_date") values ($1, $2, DEFAULT, $3) returning "staff_code" - null value in column "unit_code" violates not-null constraint',
  level: 'error',
  timestamp: '2020-06-16T05:03:04.464Z'
}
{
  message: 'Internal connection error',
  level: 'error',
  timestamp: '2020-06-16T05:03:04.465Z'
}
{
  id: '<20200616050707.1.9A8DAC75D9BEF467@mg.nassconnect.com.ng>',
  message: 'Queued. Thank you.',
  level: 'info',
  timestamp: '2020-06-16T05:03:06.087Z'
}
{
  message: 'Dept reg complete',
  level: 'info',
  timestamp: '2020-06-16T05:05:55.798Z'
}
{
  message: 'Zone reg complete',
  level: 'info',
  timestamp: '2020-06-16T05:05:55.808Z'
}
{
  message: 'insert into "unit_staff" ("created_date", "staff_code", "unit_code", "updated_date") values ($1, $2, DEFAULT, $3) returning "staff_code" - null value in column "unit_code" violates not-null constraint',
  level: 'error',
  timestamp: '2020-06-16T05:05:55.853Z'
}
{
  message: 'Internal connection error',
  level: 'error',
  timestamp: '2020-06-16T05:05:55.855Z'
}
{
  id: '<20200616050958.1.1F22F4873DAD1D54@mg.nassconnect.com.ng>',
  message: 'Queued. Thank you.',
  level: 'info',
  timestamp: '2020-06-16T05:05:57.306Z'
}
{
  message: 'Dept reg complete',
  level: 'info',
  timestamp: '2020-06-16T05:08:13.561Z'
}
{
  message: 'Zone reg complete',
  level: 'info',
  timestamp: '2020-06-16T05:08:13.567Z'
}
{
  message: 'Unit reg reg complete',
  level: 'info',
  timestamp: '2020-06-16T05:08:13.587Z'
}
{
  message: 'Initial assignment complete',
  level: 'info',
  timestamp: '2020-06-16T05:08:13.601Z'
}
{
  id: '<20200616051216.1.D3160D72ABF9967A@mg.nassconnect.com.ng>',
  message: 'Queued. Thank you.',
  level: 'info',
  timestamp: '2020-06-16T05:08:15.719Z'
}
{
  message: 'Email address already exists for another user',
  level: 'error',
  timestamp: '2020-06-16T05:14:10.994Z'
}
{
  message: 'Email address already exists for another user',
  level: 'error',
  timestamp: '2020-06-16T05:14:10.997Z'
}
{
  message: 'Authentication profile already exists',
  level: 'error',
  timestamp: '2020-06-16T05:14:27.874Z'
}
{
  message: 'Authentication profile already exists',
  level: 'error',
  timestamp: '2020-06-16T05:14:27.875Z'
}
{
  message: 'Dept reg complete',
  level: 'info',
  timestamp: '2020-06-16T05:14:50.070Z'
}
{
  message: 'Zone reg complete',
  level: 'info',
  timestamp: '2020-06-16T05:14:50.082Z'
}
{
  message: 'Unit reg reg complete',
  level: 'info',
  timestamp: '2020-06-16T05:14:50.140Z'
}
{
  message: 'Initial assignment complete',
  level: 'info',
  timestamp: '2020-06-16T05:14:50.155Z'
}
{
  id: '<20200616051852.1.759825C22EF37E21@mg.nassconnect.com.ng>',
  message: 'Queued. Thank you.',
  level: 'info',
  timestamp: '2020-06-16T05:14:51.558Z'
}
{
  message: 'Login attempt: tony5egwu@gmail.com',
  level: 'info',
  timestamp: '2020-06-16T05:16:17.217Z'
}
{
  message: 'Invalid username/ password',
  level: 'error',
  timestamp: '2020-06-16T05:16:17.227Z'
}
{
  message: 'Invalid username/ password',
  level: 'error',
  timestamp: '2020-06-16T05:16:17.228Z'
}
{
  message: 'Login attempt: tony5egwu@gmail.com',
  level: 'info',
  timestamp: '2020-06-16T05:16:23.130Z'
}
{
  message: 'Invalid value used as weak map key',
  level: 'error',
  timestamp: '2020-06-16T05:28:46.530Z'
}
{
  message: undefined,
  level: 'error',
  timestamp: '2020-06-16T05:28:46.534Z'
}
{
  message: 'Internal connection error',
  level: 'error',
  timestamp: '2020-06-16T05:28:46.535Z'
}
{
  message: 'Login attempt: undefined',
  level: 'info',
  timestamp: '2020-06-16T05:36:01.440Z'
}
{
  message: 'Login attempt: undefined',
  level: 'info',
  timestamp: '2020-06-16T05:36:24.138Z'
}
{
  message: 'Login attempt: undefined',
  level: 'info',
  timestamp: '2020-06-16T05:38:16.747Z'
}
{
  message: 'Login attempt: undefined',
  level: 'info',
  timestamp: '2020-06-16T05:38:42.034Z'
}
{
  message: 'Login attempt: undefined',
  level: 'info',
  timestamp: '2020-06-16T05:39:18.695Z'
}
{
  message: 'Login attempt: undefined',
  level: 'info',
  timestamp: '2020-06-16T05:39:34.996Z'
}
{
  message: 'select * from "staff" where "user_code" = $1 - column "user_code" does not exist',
  level: 'error',
  timestamp: '2020-06-16T05:40:29.604Z'
}
{
  message: undefined,
  level: 'error',
  timestamp: '2020-06-16T05:40:29.611Z'
}
{
  message: 'Internal connection error',
  level: 'error',
  timestamp: '2020-06-16T05:40:29.611Z'
}
{
  message: 'Login attempt: undefined',
  level: 'info',
  timestamp: '2020-06-16T05:42:02.543Z'
}
{
  message: 'Login attempt: undefined',
  level: 'info',
  timestamp: '2020-06-16T05:42:04.684Z'
}
{
  message: 'Login attempt: undefined',
  level: 'info',
  timestamp: '2020-06-16T05:42:10.994Z'
}
{
  message: 'Login attempt: undefined',
  level: 'info',
  timestamp: '2020-06-16T05:43:35.936Z'
}
{
  message: undefined,
  level: 'error',
  timestamp: '2020-06-16T06:16:44.564Z'
}
{
  message: 'Email address must be provided',
  level: 'error',
  timestamp: '2020-06-16T06:16:44.567Z'
}
{
  message: undefined,
  level: 'error',
  timestamp: '2020-06-16T06:19:46.981Z'
}
{
  message: 'State of origin must be provided',
  level: 'error',
  timestamp: '2020-06-16T06:19:46.986Z'
}
{
  message: undefined,
  level: 'error',
  timestamp: '2020-06-16T06:21:20.394Z'
}
{
  message: 'State of origin must be provided',
  level: 'error',
  timestamp: '2020-06-16T06:21:20.398Z'
}
{
  message: 'Login attempt: undefined',
  level: 'info',
  timestamp: '2020-06-16T06:21:58.575Z'
}
{
  message: 'Login attempt: undefined',
  level: 'info',
  timestamp: '2020-06-16T06:27:13.709Z'
}
{
  message: 'Login attempt: undefined',
  level: 'info',
  timestamp: '2020-06-16T06:27:59.512Z'
}
{
  message: 'Login attempt: undefined',
  level: 'info',
  timestamp: '2020-06-16T06:28:16.154Z'
}
{
  message: 'Login attempt: undefined',
  level: 'info',
  timestamp: '2020-06-16T06:28:48.486Z'
}
{
  message: 'Login attempt: undefined',
  level: 'info',
  timestamp: '2020-06-16T06:28:56.599Z'
}
{
  message: 'Login attempt: undefined',
  level: 'info',
  timestamp: '2020-06-16T06:29:27.112Z'
}
{
  message: undefined,
  level: 'error',
  timestamp: '2020-06-16T06:30:15.329Z'
}
{
  message: 'First name must be provided',
  level: 'error',
  timestamp: '2020-06-16T06:30:15.331Z'
}
{
  message: undefined,
  level: 'error',
  timestamp: '2020-06-16T06:30:54.928Z'
}
{
  message: 'First name must be provided',
  level: 'error',
  timestamp: '2020-06-16T06:30:54.932Z'
}
{
  message: undefined,
  level: 'error',
  timestamp: '2020-06-16T06:31:33.500Z'
}
{
  message: 'Zonal command must be provided',
  level: 'error',
  timestamp: '2020-06-16T06:31:33.504Z'
}
{
  message: 'Login attempt: undefined',
  level: 'info',
  timestamp: '2020-06-16T06:36:13.674Z'
}
{
  message: 'Login attempt: undefined',
  level: 'info',
  timestamp: '2020-06-16T06:36:24.807Z'
}
{
  message: 'Login attempt: undefined',
  level: 'info',
  timestamp: '2020-06-16T06:36:51.077Z'
}
{
  message: undefined,
  level: 'error',
  timestamp: '2020-06-16T06:37:04.728Z'
}
{
  message: 'Staff number must be provided',
  level: 'error',
  timestamp: '2020-06-16T06:37:04.730Z'
}
{
  message: undefined,
  level: 'error',
  timestamp: '2020-06-16T06:37:37.683Z'
}
{
  message: 'Employment date must be provided',
  level: 'error',
  timestamp: '2020-06-16T06:37:37.698Z'
}
{
  message: 'Login attempt: undefined',
  level: 'info',
  timestamp: '2020-06-16T06:39:13.831Z'
}
{
  message: 'Login attempt: undefined',
  level: 'info',
  timestamp: '2020-06-16T06:41:26.202Z'
}
{
  message: 'Login attempt: undefined',
  level: 'info',
  timestamp: '2020-06-16T06:43:35.521Z'
}
{
  message: 'Login attempt: undefined',
  level: 'info',
  timestamp: '2020-06-16T06:45:41.057Z'
}
{
  message: 'Login attempt: undefined',
  level: 'info',
  timestamp: '2020-06-16T06:46:22.304Z'
}
{
  message: 'Login attempt: undefined',
  level: 'info',
  timestamp: '2020-06-16T06:46:27.227Z'
}
{
  message: 'Undefined binding(s) detected when compiling SELECT. Undefined column(s): [staff_code] query: select count("staff_code") from "staff_employment" where "staff_code" = ?',
  level: 'error',
  timestamp: '2020-06-16T06:48:44.703Z'
}
{
  message: undefined,
  level: 'error',
  timestamp: '2020-06-16T06:48:44.706Z'
}
{
  message: 'Internal connection error',
  level: 'error',
  timestamp: '2020-06-16T06:48:44.706Z'
}
{
  message: 'Undefined binding(s) detected when compiling SELECT. Undefined column(s): [staff_code] query: select count("staff_code") from "staff_employment" where "staff_code" = ?',
  level: 'error',
  timestamp: '2020-06-16T06:49:46.672Z'
}
{
  message: undefined,
  level: 'error',
  timestamp: '2020-06-16T06:49:46.677Z'
}
{
  message: 'Internal connection error',
  level: 'error',
  timestamp: '2020-06-16T06:49:46.678Z'
}
{
  message: 'Undefined binding(s) detected when compiling SELECT. Undefined column(s): [staff_code] query: select count("staff_code") from "staff_employment" where "staff_code" = ?',
  level: 'error',
  timestamp: '2020-06-16T06:50:42.527Z'
}
{
  message: undefined,
  level: 'error',
  timestamp: '2020-06-16T06:50:42.529Z'
}
{
  message: 'Internal connection error',
  level: 'error',
  timestamp: '2020-06-16T06:50:42.529Z'
}
{
  message: 'Login attempt: undefined',
  level: 'info',
  timestamp: '2020-06-16T06:52:10.943Z'
}
